  Searching for include files...
  Searching for example files...
  Searching for images...
  Searching for dot files...
  Searching for msc files...
  Searching for dia files...
  Searching for files to exclude
  Searching for files in directory E:/CSharp/CocktailsBinder/cocktails/Projet/ProjetTest
  Searching for files in directory E:/CSharp/CocktailsBinder/cocktails/Projet/ProjetTest/bin
  Searching for files in directory E:/CSharp/CocktailsBinder/cocktails/Projet/ProjetTest/bin/Debug
  Searching for files in directory E:/CSharp/CocktailsBinder/cocktails/Projet/ProjetTest/obj
  Searching for files in directory E:/CSharp/CocktailsBinder/cocktails/Projet/ProjetTest/obj/Debug
  Searching for files in directory E:/CSharp/CocktailsBinder/cocktails/Projet/ProjetTest/obj/Debug/TempPE
  Searching for files in directory E:/CSharp/CocktailsBinder/cocktails/Projet/ProjetTest/Properties
  Searching INPUT for files to process...
  Searching for files in directory E:/CSharp/CocktailsBinder/cocktails/Projet
  Searching for files in directory E:/CSharp/CocktailsBinder/cocktails/Projet/Debug
  Searching for files in directory E:/CSharp/CocktailsBinder/cocktails/Projet/Documentation
  Searching for files in directory E:/CSharp/CocktailsBinder/cocktails/Projet/Documentation/Debug
  Searching for files in directory E:/CSharp/CocktailsBinder/cocktails/Projet/Documentation/obj
  Searching for files in directory E:/CSharp/CocktailsBinder/cocktails/Projet/Documentation/obj/Win32
  Searching for files in directory E:/CSharp/CocktailsBinder/cocktails/Projet/Documentation/obj/Win32/Debug
  Searching for files in directory E:/CSharp/CocktailsBinder/cocktails/Projet/Projet
  Searching for files in directory E:/CSharp/CocktailsBinder/cocktails/Projet/Projet/bin
  Searching for files in directory E:/CSharp/CocktailsBinder/cocktails/Projet/Projet/bin/Debug
  Searching for files in directory E:/CSharp/CocktailsBinder/cocktails/Projet/Projet/obj
  Searching for files in directory E:/CSharp/CocktailsBinder/cocktails/Projet/Projet/obj/Debug
  Searching for files in directory E:/CSharp/CocktailsBinder/cocktails/Projet/Projet/obj/Debug/TempPE
  Searching for files in directory E:/CSharp/CocktailsBinder/cocktails/Projet/Projet/Properties
  Searching for files in directory E:/CSharp/CocktailsBinder/cocktails/Projet/ProjetData
  Searching for files in directory E:/CSharp/CocktailsBinder/cocktails/Projet/ProjetData/bin
  Searching for files in directory E:/CSharp/CocktailsBinder/cocktails/Projet/ProjetData/bin/Debug
  Searching for files in directory E:/CSharp/CocktailsBinder/cocktails/Projet/ProjetData/obj
  Searching for files in directory E:/CSharp/CocktailsBinder/cocktails/Projet/ProjetData/obj/Debug
  Searching for files in directory E:/CSharp/CocktailsBinder/cocktails/Projet/ProjetData/obj/Debug/TempPE
  Searching for files in directory E:/CSharp/CocktailsBinder/cocktails/Projet/ProjetData/Properties
  Searching for files in directory E:/CSharp/CocktailsBinder/cocktails/Projet/ProjetData/XML
  Searching for files in directory E:/CSharp/CocktailsBinder/cocktails/Projet/ProjetLibrary
  Searching for files in directory E:/CSharp/CocktailsBinder/cocktails/Projet/ProjetLibrary/bin
  Searching for files in directory E:/CSharp/CocktailsBinder/cocktails/Projet/ProjetLibrary/bin/Debug
  Searching for files in directory E:/CSharp/CocktailsBinder/cocktails/Projet/ProjetLibrary/obj
  Searching for files in directory E:/CSharp/CocktailsBinder/cocktails/Projet/ProjetLibrary/obj/Debug
  Searching for files in directory E:/CSharp/CocktailsBinder/cocktails/Projet/ProjetLibrary/obj/Debug/TempPE
  Searching for files in directory E:/CSharp/CocktailsBinder/cocktails/Projet/ProjetLibrary/Properties
  Searching for files in directory E:/CSharp/CocktailsBinder/cocktails/Projet/ProjetTest
  Searching for files in directory E:/CSharp/CocktailsBinder/cocktails/Projet/ProjetTest/bin
  Searching for files in directory E:/CSharp/CocktailsBinder/cocktails/Projet/ProjetTest/bin/Debug
  Searching for files in directory E:/CSharp/CocktailsBinder/cocktails/Projet/ProjetTest/obj
  Searching for files in directory E:/CSharp/CocktailsBinder/cocktails/Projet/ProjetTest/obj/Debug
  Searching for files in directory E:/CSharp/CocktailsBinder/cocktails/Projet/ProjetTest/obj/Debug/TempPE
  Searching for files in directory E:/CSharp/CocktailsBinder/cocktails/Projet/ProjetTest/Properties
  Reading and parsing tag files
  Parsing files
  Preprocessing E:/CSharp/CocktailsBinder/cocktails/Projet/Projet/App.xaml.cs...
  Parsing file E:/CSharp/CocktailsBinder/cocktails/Projet/Projet/App.xaml.cs...
  Preprocessing E:/CSharp/CocktailsBinder/cocktails/Projet/Projet/bin/Debug/Cocktail.cs...
  Parsing file E:/CSharp/CocktailsBinder/cocktails/Projet/Projet/bin/Debug/Cocktail.cs...
  Preprocessing E:/CSharp/CocktailsBinder/cocktails/Projet/Projet/BoutonConnecte.xaml.cs...
  Parsing file E:/CSharp/CocktailsBinder/cocktails/Projet/Projet/BoutonConnecte.xaml.cs...
  Preprocessing E:/CSharp/CocktailsBinder/cocktails/Projet/Projet/BoutonVisiteur.xaml.cs...
  Parsing file E:/CSharp/CocktailsBinder/cocktails/Projet/Projet/BoutonVisiteur.xaml.cs...
  Preprocessing E:/CSharp/CocktailsBinder/cocktails/Projet/Projet/Commentaire.xaml.cs...
  Parsing file E:/CSharp/CocktailsBinder/cocktails/Projet/Projet/Commentaire.xaml.cs...
  Preprocessing E:/CSharp/CocktailsBinder/cocktails/Projet/Projet/Connexion.xaml.cs...
  Parsing file E:/CSharp/CocktailsBinder/cocktails/Projet/Projet/Connexion.xaml.cs...
  Preprocessing E:/CSharp/CocktailsBinder/cocktails/Projet/Projet/CreaCompte.xaml.cs...
  Parsing file E:/CSharp/CocktailsBinder/cocktails/Projet/Projet/CreaCompte.xaml.cs...
  Preprocessing E:/CSharp/CocktailsBinder/cocktails/Projet/Projet/Description.xaml.cs...
  Parsing file E:/CSharp/CocktailsBinder/cocktails/Projet/Projet/Description.xaml.cs...
  Preprocessing E:/CSharp/CocktailsBinder/cocktails/Projet/Projet/MainWindow.xaml.cs...
  Parsing file E:/CSharp/CocktailsBinder/cocktails/Projet/Projet/MainWindow.xaml.cs...
  Preprocessing E:/CSharp/CocktailsBinder/cocktails/Projet/Projet/NewCocktail.xaml.cs...
  Parsing file E:/CSharp/CocktailsBinder/cocktails/Projet/Projet/NewCocktail.xaml.cs...
  Preprocessing E:/CSharp/CocktailsBinder/cocktails/Projet/Projet/NewIngredient.xaml.cs...
  Parsing file E:/CSharp/CocktailsBinder/cocktails/Projet/Projet/NewIngredient.xaml.cs...
  Preprocessing E:/CSharp/CocktailsBinder/cocktails/Projet/Projet/obj/Debug/App.g.cs...
  Parsing file E:/CSharp/CocktailsBinder/cocktails/Projet/Projet/obj/Debug/App.g.cs...
  Preprocessing E:/CSharp/CocktailsBinder/cocktails/Projet/Projet/obj/Debug/App.g.i.cs...
  Parsing file E:/CSharp/CocktailsBinder/cocktails/Projet/Projet/obj/Debug/App.g.i.cs...
  Preprocessing E:/CSharp/CocktailsBinder/cocktails/Projet/Projet/obj/Debug/BoutonConnecte.g.cs...
  Parsing file E:/CSharp/CocktailsBinder/cocktails/Projet/Projet/obj/Debug/BoutonConnecte.g.cs...
  Preprocessing E:/CSharp/CocktailsBinder/cocktails/Projet/Projet/obj/Debug/BoutonConnecte.g.i.cs...
  Parsing file E:/CSharp/CocktailsBinder/cocktails/Projet/Projet/obj/Debug/BoutonConnecte.g.i.cs...
  Preprocessing E:/CSharp/CocktailsBinder/cocktails/Projet/Projet/obj/Debug/BoutonVisiteur.g.cs...
  Parsing file E:/CSharp/CocktailsBinder/cocktails/Projet/Projet/obj/Debug/BoutonVisiteur.g.cs...
  Preprocessing E:/CSharp/CocktailsBinder/cocktails/Projet/Projet/obj/Debug/BoutonVisiteur.g.i.cs...
  Parsing file E:/CSharp/CocktailsBinder/cocktails/Projet/Projet/obj/Debug/BoutonVisiteur.g.i.cs...
  Preprocessing E:/CSharp/CocktailsBinder/cocktails/Projet/Projet/obj/Debug/Commentaire.g.cs...
  Parsing file E:/CSharp/CocktailsBinder/cocktails/Projet/Projet/obj/Debug/Commentaire.g.cs...
  Preprocessing E:/CSharp/CocktailsBinder/cocktails/Projet/Projet/obj/Debug/Commentaire.g.i.cs...
  Parsing file E:/CSharp/CocktailsBinder/cocktails/Projet/Projet/obj/Debug/Commentaire.g.i.cs...
  Preprocessing E:/CSharp/CocktailsBinder/cocktails/Projet/Projet/obj/Debug/Connexion.g.cs...
  Parsing file E:/CSharp/CocktailsBinder/cocktails/Projet/Projet/obj/Debug/Connexion.g.cs...
  Preprocessing E:/CSharp/CocktailsBinder/cocktails/Projet/Projet/obj/Debug/Connexion.g.i.cs...
  Parsing file E:/CSharp/CocktailsBinder/cocktails/Projet/Projet/obj/Debug/Connexion.g.i.cs...
  Preprocessing E:/CSharp/CocktailsBinder/cocktails/Projet/Projet/obj/Debug/CreaCompte.g.cs...
  Parsing file E:/CSharp/CocktailsBinder/cocktails/Projet/Projet/obj/Debug/CreaCompte.g.cs...
  Preprocessing E:/CSharp/CocktailsBinder/cocktails/Projet/Projet/obj/Debug/CreaCompte.g.i.cs...
  Parsing file E:/CSharp/CocktailsBinder/cocktails/Projet/Projet/obj/Debug/CreaCompte.g.i.cs...
  Preprocessing E:/CSharp/CocktailsBinder/cocktails/Projet/Projet/obj/Debug/Description.g.cs...
  Parsing file E:/CSharp/CocktailsBinder/cocktails/Projet/Projet/obj/Debug/Description.g.cs...
  Preprocessing E:/CSharp/CocktailsBinder/cocktails/Projet/Projet/obj/Debug/Description.g.i.cs...
  Parsing file E:/CSharp/CocktailsBinder/cocktails/Projet/Projet/obj/Debug/Description.g.i.cs...
  Preprocessing E:/CSharp/CocktailsBinder/cocktails/Projet/Projet/obj/Debug/GeneratedInternalTypeHelper.g.cs...
  Parsing file E:/CSharp/CocktailsBinder/cocktails/Projet/Projet/obj/Debug/GeneratedInternalTypeHelper.g.cs...
  Preprocessing E:/CSharp/CocktailsBinder/cocktails/Projet/Projet/obj/Debug/GeneratedInternalTypeHelper.g.i.cs...
  Parsing file E:/CSharp/CocktailsBinder/cocktails/Projet/Projet/obj/Debug/GeneratedInternalTypeHelper.g.i.cs...
  Preprocessing E:/CSharp/CocktailsBinder/cocktails/Projet/Projet/obj/Debug/MainWindow.g.cs...
  Parsing file E:/CSharp/CocktailsBinder/cocktails/Projet/Projet/obj/Debug/MainWindow.g.cs...
  Preprocessing E:/CSharp/CocktailsBinder/cocktails/Projet/Projet/obj/Debug/MainWindow.g.i.cs...
  Parsing file E:/CSharp/CocktailsBinder/cocktails/Projet/Projet/obj/Debug/MainWindow.g.i.cs...
  Preprocessing E:/CSharp/CocktailsBinder/cocktails/Projet/Projet/obj/Debug/NewCocktail.g.cs...
  Parsing file E:/CSharp/CocktailsBinder/cocktails/Projet/Projet/obj/Debug/NewCocktail.g.cs...
  Preprocessing E:/CSharp/CocktailsBinder/cocktails/Projet/Projet/obj/Debug/NewCocktail.g.i.cs...
  Parsing file E:/CSharp/CocktailsBinder/cocktails/Projet/Projet/obj/Debug/NewCocktail.g.i.cs...
  Preprocessing E:/CSharp/CocktailsBinder/cocktails/Projet/Projet/obj/Debug/NewIngredient.g.cs...
  Parsing file E:/CSharp/CocktailsBinder/cocktails/Projet/Projet/obj/Debug/NewIngredient.g.cs...
  Preprocessing E:/CSharp/CocktailsBinder/cocktails/Projet/Projet/obj/Debug/NewIngredient.g.i.cs...
  Parsing file E:/CSharp/CocktailsBinder/cocktails/Projet/Projet/obj/Debug/NewIngredient.g.i.cs...
  Preprocessing E:/CSharp/CocktailsBinder/cocktails/Projet/Projet/obj/Debug/Rating.g.cs...
  Parsing file E:/CSharp/CocktailsBinder/cocktails/Projet/Projet/obj/Debug/Rating.g.cs...
  Preprocessing E:/CSharp/CocktailsBinder/cocktails/Projet/Projet/obj/Debug/Rating.g.i.cs...
  Parsing file E:/CSharp/CocktailsBinder/cocktails/Projet/Projet/obj/Debug/Rating.g.i.cs...
  Preprocessing E:/CSharp/CocktailsBinder/cocktails/Projet/Projet/obj/Debug/Supprimer.g.cs...
  Parsing file E:/CSharp/CocktailsBinder/cocktails/Projet/Projet/obj/Debug/Supprimer.g.cs...
  Preprocessing E:/CSharp/CocktailsBinder/cocktails/Projet/Projet/obj/Debug/Supprimer.g.i.cs...
  Parsing file E:/CSharp/CocktailsBinder/cocktails/Projet/Projet/obj/Debug/Supprimer.g.i.cs...
  Preprocessing E:/CSharp/CocktailsBinder/cocktails/Projet/Projet/obj/Debug/TemporaryGeneratedFile_036C0B5B-1481-4323-8D20-8F5ADCB23D92.cs...
  Parsing file E:/CSharp/CocktailsBinder/cocktails/Projet/Projet/obj/Debug/TemporaryGeneratedFile_036C0B5B-1481-4323-8D20-8F5ADCB23D92.cs...
  Preprocessing E:/CSharp/CocktailsBinder/cocktails/Projet/Projet/obj/Debug/TemporaryGeneratedFile_5937a670-0e60-4077-877b-f7221da3dda1.cs...
  Parsing file E:/CSharp/CocktailsBinder/cocktails/Projet/Projet/obj/Debug/TemporaryGeneratedFile_5937a670-0e60-4077-877b-f7221da3dda1.cs...
  Preprocessing E:/CSharp/CocktailsBinder/cocktails/Projet/Projet/obj/Debug/TemporaryGeneratedFile_E7A71F73-0F8D-4B9B-B56E-8E70B10BC5D3.cs...
  Parsing file E:/CSharp/CocktailsBinder/cocktails/Projet/Projet/obj/Debug/TemporaryGeneratedFile_E7A71F73-0F8D-4B9B-B56E-8E70B10BC5D3.cs...
  Preprocessing E:/CSharp/CocktailsBinder/cocktails/Projet/Projet/Properties/AssemblyInfo.cs...
  Parsing file E:/CSharp/CocktailsBinder/cocktails/Projet/Projet/Properties/AssemblyInfo.cs...
  Preprocessing E:/CSharp/CocktailsBinder/cocktails/Projet/Projet/Properties/Resources.Designer.cs...
  Parsing file E:/CSharp/CocktailsBinder/cocktails/Projet/Projet/Properties/Resources.Designer.cs...
  Preprocessing E:/CSharp/CocktailsBinder/cocktails/Projet/Projet/Properties/Settings.Designer.cs...
  Parsing file E:/CSharp/CocktailsBinder/cocktails/Projet/Projet/Properties/Settings.Designer.cs...
  Preprocessing E:/CSharp/CocktailsBinder/cocktails/Projet/Projet/Rating.xaml.cs...
  Parsing file E:/CSharp/CocktailsBinder/cocktails/Projet/Projet/Rating.xaml.cs...
  Preprocessing E:/CSharp/CocktailsBinder/cocktails/Projet/Projet/Supprimer.xaml.cs...
  Parsing file E:/CSharp/CocktailsBinder/cocktails/Projet/Projet/Supprimer.xaml.cs...
  Preprocessing E:/CSharp/CocktailsBinder/cocktails/Projet/ProjetData/bin/Debug/Cocktail.cs...
  Parsing file E:/CSharp/CocktailsBinder/cocktails/Projet/ProjetData/bin/Debug/Cocktail.cs...
  Preprocessing E:/CSharp/CocktailsBinder/cocktails/Projet/ProjetData/obj/Debug/TemporaryGeneratedFile_036C0B5B-1481-4323-8D20-8F5ADCB23D92.cs...
  Parsing file E:/CSharp/CocktailsBinder/cocktails/Projet/ProjetData/obj/Debug/TemporaryGeneratedFile_036C0B5B-1481-4323-8D20-8F5ADCB23D92.cs...
  Preprocessing E:/CSharp/CocktailsBinder/cocktails/Projet/ProjetData/obj/Debug/TemporaryGeneratedFile_5937a670-0e60-4077-877b-f7221da3dda1.cs...
  Parsing file E:/CSharp/CocktailsBinder/cocktails/Projet/ProjetData/obj/Debug/TemporaryGeneratedFile_5937a670-0e60-4077-877b-f7221da3dda1.cs...
  Preprocessing E:/CSharp/CocktailsBinder/cocktails/Projet/ProjetData/obj/Debug/TemporaryGeneratedFile_E7A71F73-0F8D-4B9B-B56E-8E70B10BC5D3.cs...
  Parsing file E:/CSharp/CocktailsBinder/cocktails/Projet/ProjetData/obj/Debug/TemporaryGeneratedFile_E7A71F73-0F8D-4B9B-B56E-8E70B10BC5D3.cs...
  Preprocessing E:/CSharp/CocktailsBinder/cocktails/Projet/ProjetData/Properties/AssemblyInfo.cs...
  Parsing file E:/CSharp/CocktailsBinder/cocktails/Projet/ProjetData/Properties/AssemblyInfo.cs...
  Preprocessing E:/CSharp/CocktailsBinder/cocktails/Projet/ProjetData/XMLDataManager.cs...
  Parsing file E:/CSharp/CocktailsBinder/cocktails/Projet/ProjetData/XMLDataManager.cs...
  Preprocessing E:/CSharp/CocktailsBinder/cocktails/Projet/ProjetLibrary/bin/Debug/Cocktail.cs...
  Parsing file E:/CSharp/CocktailsBinder/cocktails/Projet/ProjetLibrary/bin/Debug/Cocktail.cs...
  Preprocessing E:/CSharp/CocktailsBinder/cocktails/Projet/ProjetLibrary/Cocktail.cs...
  Parsing file E:/CSharp/CocktailsBinder/cocktails/Projet/ProjetLibrary/Cocktail.cs...
  Preprocessing E:/CSharp/CocktailsBinder/cocktails/Projet/ProjetLibrary/Commentaire.cs...
  Parsing file E:/CSharp/CocktailsBinder/cocktails/Projet/ProjetLibrary/Commentaire.cs...
  Preprocessing E:/CSharp/CocktailsBinder/cocktails/Projet/ProjetLibrary/Fabrique.cs...
  Parsing file E:/CSharp/CocktailsBinder/cocktails/Projet/ProjetLibrary/Fabrique.cs...
  Preprocessing E:/CSharp/CocktailsBinder/cocktails/Projet/ProjetLibrary/ICocktail.cs...
  Parsing file E:/CSharp/CocktailsBinder/cocktails/Projet/ProjetLibrary/ICocktail.cs...
  Preprocessing E:/CSharp/CocktailsBinder/cocktails/Projet/ProjetLibrary/IDataManager.cs...
  Parsing file E:/CSharp/CocktailsBinder/cocktails/Projet/ProjetLibrary/IDataManager.cs...
  Preprocessing E:/CSharp/CocktailsBinder/cocktails/Projet/ProjetLibrary/Ingredient.cs...
  Parsing file E:/CSharp/CocktailsBinder/cocktails/Projet/ProjetLibrary/Ingredient.cs...
  Preprocessing E:/CSharp/CocktailsBinder/cocktails/Projet/ProjetLibrary/Manager.cs...
  Parsing file E:/CSharp/CocktailsBinder/cocktails/Projet/ProjetLibrary/Manager.cs...
  Preprocessing E:/CSharp/CocktailsBinder/cocktails/Projet/ProjetLibrary/obj/Debug/TemporaryGeneratedFile_036C0B5B-1481-4323-8D20-8F5ADCB23D92.cs...
  Parsing file E:/CSharp/CocktailsBinder/cocktails/Projet/ProjetLibrary/obj/Debug/TemporaryGeneratedFile_036C0B5B-1481-4323-8D20-8F5ADCB23D92.cs...
  Preprocessing E:/CSharp/CocktailsBinder/cocktails/Projet/ProjetLibrary/obj/Debug/TemporaryGeneratedFile_5937a670-0e60-4077-877b-f7221da3dda1.cs...
  Parsing file E:/CSharp/CocktailsBinder/cocktails/Projet/ProjetLibrary/obj/Debug/TemporaryGeneratedFile_5937a670-0e60-4077-877b-f7221da3dda1.cs...
  Preprocessing E:/CSharp/CocktailsBinder/cocktails/Projet/ProjetLibrary/obj/Debug/TemporaryGeneratedFile_E7A71F73-0F8D-4B9B-B56E-8E70B10BC5D3.cs...
  Parsing file E:/CSharp/CocktailsBinder/cocktails/Projet/ProjetLibrary/obj/Debug/TemporaryGeneratedFile_E7A71F73-0F8D-4B9B-B56E-8E70B10BC5D3.cs...
  Preprocessing E:/CSharp/CocktailsBinder/cocktails/Projet/ProjetLibrary/Properties/AssemblyInfo.cs...
  Parsing file E:/CSharp/CocktailsBinder/cocktails/Projet/ProjetLibrary/Properties/AssemblyInfo.cs...
  Preprocessing E:/CSharp/CocktailsBinder/cocktails/Projet/ProjetLibrary/Unite.cs...
  Parsing file E:/CSharp/CocktailsBinder/cocktails/Projet/ProjetLibrary/Unite.cs...
  Preprocessing E:/CSharp/CocktailsBinder/cocktails/Projet/ProjetLibrary/User.cs...
  Parsing file E:/CSharp/CocktailsBinder/cocktails/Projet/ProjetLibrary/User.cs...
  Building group list...
  Building directory list...
  Building namespace list...
  Building file list...
  Building class list...
  Associating documentation with classes...
  Computing nesting relations for classes...
  Building example list...
  Searching for enumerations...
  Searching for documented typedefs...
  Searching for members imported via using declarations...
  Searching for included using directives...
  Searching for documented variables...
  Building interface member list...
  Building member list...
  Searching for friends...
  Searching for documented defines...
  Computing class inheritance relations...
  Computing class usage relations...
  Flushing cached template relations that have become invalid...
  Creating members for template instances...
  Computing class relations...
  Add enum values to enums...
  Searching for member function documentation...
  Building page list...
  Search for main page...
  Computing page relations...
  Determining the scope of groups...
  Sorting lists...
  Freeing entry tree
  Determining which enums are documented
  Computing member relations...
  Building full member lists recursively...
  Adding members to member groups.
  Computing member references...
  Inheriting documentation...
  Generating disk names...
  Adding source references...
  Adding xrefitems...
  Sorting member lists...
  Computing dependencies between directories...
  Generating citations page...
  Counting data structures...
  Resolving user defined references...
  Finding anchors and sections in the documentation...
  Transferring function references...
  Combining using relations...
  Adding members to index pages...
  Generating style sheet...
  Generating search indices...
  Generating example documentation...
  Generating file sources...
  Generating file documentation...
  Generating docs for file E:/CSharp/CocktailsBinder/cocktails/Projet/Projet/App.xaml.cs...
  Generating docs for file E:/CSharp/CocktailsBinder/cocktails/Projet/Projet/bin/Debug/Cocktail.cs...
  Generating docs for file E:/CSharp/CocktailsBinder/cocktails/Projet/ProjetData/bin/Debug/Cocktail.cs...
  Generating docs for file E:/CSharp/CocktailsBinder/cocktails/Projet/ProjetLibrary/bin/Debug/Cocktail.cs...
  Generating docs for file E:/CSharp/CocktailsBinder/cocktails/Projet/ProjetLibrary/Cocktail.cs...
  Generating docs for file E:/CSharp/CocktailsBinder/cocktails/Projet/Projet/BoutonConnecte.xaml.cs...
  Generating docs for file E:/CSharp/CocktailsBinder/cocktails/Projet/Projet/BoutonVisiteur.xaml.cs...
  Generating docs for file E:/CSharp/CocktailsBinder/cocktails/Projet/Projet/Commentaire.xaml.cs...
  Generating docs for file E:/CSharp/CocktailsBinder/cocktails/Projet/Projet/Connexion.xaml.cs...
  Generating docs for file E:/CSharp/CocktailsBinder/cocktails/Projet/Projet/CreaCompte.xaml.cs...
  Generating docs for file E:/CSharp/CocktailsBinder/cocktails/Projet/Projet/Description.xaml.cs...
  Generating docs for file E:/CSharp/CocktailsBinder/cocktails/Projet/Projet/MainWindow.xaml.cs...
  Generating docs for file E:/CSharp/CocktailsBinder/cocktails/Projet/Projet/NewCocktail.xaml.cs...
  Generating docs for file E:/CSharp/CocktailsBinder/cocktails/Projet/Projet/NewIngredient.xaml.cs...
  Generating docs for file E:/CSharp/CocktailsBinder/cocktails/Projet/Projet/obj/Debug/App.g.cs...
  Generating docs for file E:/CSharp/CocktailsBinder/cocktails/Projet/Projet/obj/Debug/App.g.i.cs...
  Generating docs for file E:/CSharp/CocktailsBinder/cocktails/Projet/Projet/obj/Debug/BoutonConnecte.g.cs...
  Generating docs for file E:/CSharp/CocktailsBinder/cocktails/Projet/Projet/obj/Debug/BoutonConnecte.g.i.cs...
  Generating docs for file E:/CSharp/CocktailsBinder/cocktails/Projet/Projet/obj/Debug/BoutonVisiteur.g.cs...
  Generating docs for file E:/CSharp/CocktailsBinder/cocktails/Projet/Projet/obj/Debug/BoutonVisiteur.g.i.cs...
  Generating docs for file E:/CSharp/CocktailsBinder/cocktails/Projet/Projet/obj/Debug/Commentaire.g.cs...
  Generating docs for file E:/CSharp/CocktailsBinder/cocktails/Projet/Projet/obj/Debug/Commentaire.g.i.cs...
  Generating docs for file E:/CSharp/CocktailsBinder/cocktails/Projet/Projet/obj/Debug/Connexion.g.cs...
  Generating docs for file E:/CSharp/CocktailsBinder/cocktails/Projet/Projet/obj/Debug/Connexion.g.i.cs...
  Generating docs for file E:/CSharp/CocktailsBinder/cocktails/Projet/Projet/obj/Debug/CreaCompte.g.cs...
  Generating docs for file E:/CSharp/CocktailsBinder/cocktails/Projet/Projet/obj/Debug/CreaCompte.g.i.cs...
  Generating docs for file E:/CSharp/CocktailsBinder/cocktails/Projet/Projet/obj/Debug/Description.g.cs...
  Generating docs for file E:/CSharp/CocktailsBinder/cocktails/Projet/Projet/obj/Debug/Description.g.i.cs...
  Generating docs for file E:/CSharp/CocktailsBinder/cocktails/Projet/Projet/obj/Debug/GeneratedInternalTypeHelper.g.cs...
  Generating docs for file E:/CSharp/CocktailsBinder/cocktails/Projet/Projet/obj/Debug/GeneratedInternalTypeHelper.g.i.cs...
  Generating docs for file E:/CSharp/CocktailsBinder/cocktails/Projet/Projet/obj/Debug/MainWindow.g.cs...
  Generating docs for file E:/CSharp/CocktailsBinder/cocktails/Projet/Projet/obj/Debug/MainWindow.g.i.cs...
  Generating docs for file E:/CSharp/CocktailsBinder/cocktails/Projet/Projet/obj/Debug/NewCocktail.g.cs...
  Generating docs for file E:/CSharp/CocktailsBinder/cocktails/Projet/Projet/obj/Debug/NewCocktail.g.i.cs...
  Generating docs for file E:/CSharp/CocktailsBinder/cocktails/Projet/Projet/obj/Debug/NewIngredient.g.cs...
  Generating docs for file E:/CSharp/CocktailsBinder/cocktails/Projet/Projet/obj/Debug/NewIngredient.g.i.cs...
  Generating docs for file E:/CSharp/CocktailsBinder/cocktails/Projet/Projet/obj/Debug/Rating.g.cs...
  Generating docs for file E:/CSharp/CocktailsBinder/cocktails/Projet/Projet/obj/Debug/Rating.g.i.cs...
  Generating docs for file E:/CSharp/CocktailsBinder/cocktails/Projet/Projet/obj/Debug/Supprimer.g.cs...
  Generating docs for file E:/CSharp/CocktailsBinder/cocktails/Projet/Projet/obj/Debug/Supprimer.g.i.cs...
  Generating docs for file E:/CSharp/CocktailsBinder/cocktails/Projet/Projet/obj/Debug/TemporaryGeneratedFile_036C0B5B-1481-4323-8D20-8F5ADCB23D92.cs...
  Generating docs for file E:/CSharp/CocktailsBinder/cocktails/Projet/ProjetData/obj/Debug/TemporaryGeneratedFile_036C0B5B-1481-4323-8D20-8F5ADCB23D92.cs...
  Generating docs for file E:/CSharp/CocktailsBinder/cocktails/Projet/ProjetLibrary/obj/Debug/TemporaryGeneratedFile_036C0B5B-1481-4323-8D20-8F5ADCB23D92.cs...
  Generating docs for file E:/CSharp/CocktailsBinder/cocktails/Projet/Projet/obj/Debug/TemporaryGeneratedFile_5937a670-0e60-4077-877b-f7221da3dda1.cs...
  Generating docs for file E:/CSharp/CocktailsBinder/cocktails/Projet/ProjetData/obj/Debug/TemporaryGeneratedFile_5937a670-0e60-4077-877b-f7221da3dda1.cs...
  Generating docs for file E:/CSharp/CocktailsBinder/cocktails/Projet/ProjetLibrary/obj/Debug/TemporaryGeneratedFile_5937a670-0e60-4077-877b-f7221da3dda1.cs...
  Generating docs for file E:/CSharp/CocktailsBinder/cocktails/Projet/Projet/obj/Debug/TemporaryGeneratedFile_E7A71F73-0F8D-4B9B-B56E-8E70B10BC5D3.cs...
  Generating docs for file E:/CSharp/CocktailsBinder/cocktails/Projet/ProjetData/obj/Debug/TemporaryGeneratedFile_E7A71F73-0F8D-4B9B-B56E-8E70B10BC5D3.cs...
  Generating docs for file E:/CSharp/CocktailsBinder/cocktails/Projet/ProjetLibrary/obj/Debug/TemporaryGeneratedFile_E7A71F73-0F8D-4B9B-B56E-8E70B10BC5D3.cs...
  Generating docs for file E:/CSharp/CocktailsBinder/cocktails/Projet/Projet/Properties/AssemblyInfo.cs...
  Generating docs for file E:/CSharp/CocktailsBinder/cocktails/Projet/ProjetData/Properties/AssemblyInfo.cs...
  Generating docs for file E:/CSharp/CocktailsBinder/cocktails/Projet/ProjetLibrary/Properties/AssemblyInfo.cs...
  Generating docs for file E:/CSharp/CocktailsBinder/cocktails/Projet/Projet/Properties/Resources.Designer.cs...
  Generating docs for file E:/CSharp/CocktailsBinder/cocktails/Projet/Projet/Properties/Settings.Designer.cs...
  Generating docs for file E:/CSharp/CocktailsBinder/cocktails/Projet/Projet/Rating.xaml.cs...
  Generating docs for file E:/CSharp/CocktailsBinder/cocktails/Projet/Projet/Supprimer.xaml.cs...
  Generating docs for file E:/CSharp/CocktailsBinder/cocktails/Projet/ProjetData/XMLDataManager.cs...
  Generating docs for file E:/CSharp/CocktailsBinder/cocktails/Projet/ProjetLibrary/Commentaire.cs...
  Generating docs for file E:/CSharp/CocktailsBinder/cocktails/Projet/ProjetLibrary/Fabrique.cs...
  Generating docs for file E:/CSharp/CocktailsBinder/cocktails/Projet/ProjetLibrary/ICocktail.cs...
  E:/CSharp/CocktailsBinder/cocktails/Projet/ProjetLibrary/Cocktail.cs:248: warning: argument 'com' of command @param is not found in the argument list of ProjetLibrary.Cocktail::Equals(Cocktail cocktail)
  E:/CSharp/CocktailsBinder/cocktails/Projet/ProjetLibrary/Cocktail.cs:252: warning: The following parameters of ProjetLibrary.Cocktail.Equals(Cocktail cocktail) are not documented:
    parameter 'cocktail'
  E:/CSharp/CocktailsBinder/cocktails/Projet/Projet/bin/Debug/Cocktail.cs:248: warning: argument 'com' of command @param is not found in the argument list of ProjetLibrary.Cocktail::Equals(Cocktail cocktail)
  E:/CSharp/CocktailsBinder/cocktails/Projet/Projet/bin/Debug/Cocktail.cs:252: warning: The following parameters of ProjetLibrary.Cocktail.Equals(Cocktail cocktail) are not documented:
    parameter 'cocktail'
  Generating docs for file E:/CSharp/CocktailsBinder/cocktails/Projet/ProjetLibrary/IDataManager.cs...
  Generating docs for file E:/CSharp/CocktailsBinder/cocktails/Projet/ProjetLibrary/Ingredient.cs...
  Generating docs for file E:/CSharp/CocktailsBinder/cocktails/Projet/ProjetLibrary/Manager.cs...
  Generating docs for file E:/CSharp/CocktailsBinder/cocktails/Projet/ProjetLibrary/Unite.cs...
  Generating docs for file E:/CSharp/CocktailsBinder/cocktails/Projet/ProjetLibrary/User.cs...
  Generating page documentation...
  Generating group documentation...
  Generating class documentation...
  Generating namespace index...
  Generating docs for namespace Projet
  Generating docs for compound Projet::App...
  Generating docs for compound Projet::BoutonConnecte...
  Generating docs for compound Projet::BoutonVisiteur...
  Generating docs for compound Projet::Commentaire...
  Generating docs for compound Projet::Connexion...
  Generating docs for compound Projet::CreaCompte...
  Generating docs for compound Projet::Description...
  Generating docs for compound Projet::MainWindow...
  Generating docs for compound Projet::NewCocktail...
  Generating docs for compound Projet::NewIngredient...
  Generating docs for compound Projet::Rating...
  Generating docs for compound Projet::Supprimer...
  Generating docs for namespace Projet::Properties
  Generating docs for namespace ProjetData
  Generating docs for compound ProjetData::XMLDataManager...
  Generating docs for namespace ProjetLibrary
  Generating docs for compound ProjetLibrary::Cocktail...
  Generating docs for compound ProjetLibrary::Commentaire...
  Generating docs for compound ProjetLibrary::ICocktail...
  Generating docs for compound ProjetLibrary::IDataManager...
  Generating docs for compound ProjetLibrary::Ingredient...
  Generating docs for compound ProjetLibrary::Manager...
  Generating docs for compound ProjetLibrary::User...
  Generating docs for namespace XamlGeneratedNamespace
  Generating docs for compound XamlGeneratedNamespace::GeneratedInternalTypeHelper...
  Generating graph info page...
  Generating directory documentation...
  Generating index page...
  Generating page index...
  Generating module index...
  Generating namespace index...
  Generating namespace member index...
  Generating annotated compound index...
  Generating alphabetical compound index...
  Generating hierarchical class index...
  Generating member index...
  Generating file index...
  Generating file member index...
  Generating example index...
  finalizing index lists...
  writing tag file...
  lookup cache used 368/65536 hits=2297 misses=406
  finished...
  E:/CSharp/CocktailsBinder/cocktails/Projet/ProjetData/bin/Debug/Cocktail.cs:248: warning: argument 'com' of command @param is not found in the argument list of ProjetLibrary.Cocktail::Equals(Cocktail cocktail)
  E:/CSharp/CocktailsBinder/cocktails/Projet/ProjetData/bin/Debug/Cocktail.cs:252: warning: The following parameters of ProjetLibrary.Cocktail.Equals(Cocktail cocktail) are not documented:
    parameter 'cocktail'
  E:/CSharp/CocktailsBinder/cocktails/Projet/ProjetLibrary/bin/Debug/Cocktail.cs:248: warning: argument 'com' of command @param is not found in the argument list of ProjetLibrary.Cocktail::Equals(Cocktail cocktail)
  E:/CSharp/CocktailsBinder/cocktails/Projet/ProjetLibrary/bin/Debug/Cocktail.cs:252: warning: The following parameters of ProjetLibrary.Cocktail.Equals(Cocktail cocktail) are not documented:
    parameter 'cocktail'
  E:/CSharp/CocktailsBinder/cocktails/Projet/ProjetLibrary/Ingredient.cs:64: warning: argument 'com' of command @param is not found in the argument list of ProjetLibrary.Ingredient::Equals(Ingredient ing)
  E:/CSharp/CocktailsBinder/cocktails/Projet/ProjetLibrary/Ingredient.cs:68: warning: The following parameters of ProjetLibrary.Ingredient.Equals(Ingredient ing) are not documented:
    parameter 'ing'
